\BOOKMARK [1][-]{section.1}{\376\377\000I\000n\000t\000r\000o\000d\000u\000c\000t\000i\000o\000n}{}% 1
\BOOKMARK [1][-]{section.2}{\376\377\000P\000a\000r\000t\000\040\0001\000:\000\040\000H\000a\000c\000k\000s\000p\000l\000a\000i\000n\000i\000n\000g\000\040\000S\000e\000c\000u\000r\000i\000t\000y\000\040\000T\000r\000a\000i\000n\000i\000n\000g\000\040\000f\000o\000r\000\040\000D\000e\000v\000e\000l\000o\000p\000e\000r\000s}{}% 2
\BOOKMARK [2][-]{subsection.2.1}{\376\377\000S\000i\000g\000n\000\040\000U\000p\000\040\000f\000o\000r\000\040\000H\000a\000c\000k\000s\000p\000l\000a\000i\000n\000i\000n\000g}{section.2}% 3
\BOOKMARK [2][-]{subsection.2.2}{\376\377\000E\000x\000p\000l\000o\000r\000e\000\040\000W\000e\000b\000\040\000A\000p\000p\000l\000i\000c\000a\000t\000i\000o\000n\000\040\000V\000u\000l\000n\000e\000r\000a\000b\000i\000l\000i\000t\000i\000e\000s}{section.2}% 4
\BOOKMARK [3][-]{subsubsection.2.2.1}{\376\377\000C\000l\000i\000c\000k\000j\000a\000c\000k\000i\000n\000g}{subsection.2.2}% 5
\BOOKMARK [3][-]{subsubsection.2.2.2}{\376\377\000C\000r\000o\000s\000s\000-\000S\000i\000t\000e\000\040\000R\000e\000q\000u\000e\000s\000t\000\040\000F\000o\000r\000g\000e\000r\000y}{subsection.2.2}% 6
\BOOKMARK [3][-]{subsubsection.2.2.3}{\376\377\000C\000r\000o\000s\000s\000-\000S\000i\000t\000e\000\040\000S\000c\000r\000i\000p\000t\000i\000n\000g}{subsection.2.2}% 7
\BOOKMARK [3][-]{subsubsection.2.2.4}{\376\377\000S\000Q\000L\000\040\000I\000n\000j\000e\000c\000t\000i\000o\000n}{subsection.2.2}% 8
\BOOKMARK [3][-]{subsubsection.2.2.5}{\376\377\000D\000i\000r\000e\000c\000t\000o\000r\000y\000\040\000T\000r\000a\000v\000e\000r\000s\000a\000l}{subsection.2.2}% 9
\BOOKMARK [3][-]{subsubsection.2.2.6}{\376\377\000C\000o\000m\000m\000a\000n\000d\000\040\000E\000x\000e\000c\000u\000t\000i\000o\000n}{subsection.2.2}% 10
\BOOKMARK [3][-]{subsubsection.2.2.7}{\376\377\000D\000e\000n\000i\000a\000l\000\040\000o\000f\000\040\000S\000e\000r\000v\000i\000c\000e\000\040\000A\000t\000t\000a\000c\000k\000s}{subsection.2.2}% 11
\BOOKMARK [1][-]{section.3}{\376\377\000P\000a\000r\000t\000\040\0002\000:\000\040\000U\000n\000d\000e\000r\000s\000t\000a\000n\000d\000i\000n\000g\000\040\000O\000W\000A\000S\000P\000\040\000T\000o\000p\000\040\0001\0000}{}% 12
\BOOKMARK [2][-]{subsection.3.1}{\376\377\000O\000p\000e\000n\000\040\000O\000W\000A\000S\000P\000\040\000T\000o\000p\000\040\0001\0000}{section.3}% 13
\BOOKMARK [2][-]{subsection.3.2}{\376\377\000E\000x\000p\000l\000o\000r\000e\000\040\000W\000h\000a\000t\000\040\000O\000W\000A\000S\000P\000\040\000I\000s}{section.3}% 14
\BOOKMARK [3][-]{subsubsection.3.2.1}{\376\377\000B\000r\000o\000k\000e\000n\000\040\000A\000c\000c\000e\000s\000s\000\040\000C\000o\000n\000t\000r\000o\000l}{subsection.3.2}% 15
\BOOKMARK [3][-]{subsubsection.3.2.2}{\376\377\000C\000r\000y\000p\000t\000o\000g\000r\000a\000p\000h\000i\000c\000\040\000F\000a\000i\000l\000u\000r\000e\000s}{subsection.3.2}% 16
\BOOKMARK [3][-]{subsubsection.3.2.3}{\376\377\000I\000n\000j\000e\000c\000t\000i\000o\000n}{subsection.3.2}% 17
\BOOKMARK [3][-]{subsubsection.3.2.4}{\376\377\000I\000n\000s\000e\000c\000u\000r\000e\000\040\000D\000e\000s\000i\000g\000n}{subsection.3.2}% 18
\BOOKMARK [3][-]{subsubsection.3.2.5}{\376\377\000S\000e\000c\000u\000r\000i\000t\000y\000\040\000M\000i\000s\000c\000o\000n\000f\000i\000g\000u\000r\000a\000t\000i\000o\000n}{subsection.3.2}% 19
\BOOKMARK [3][-]{subsubsection.3.2.6}{\376\377\000V\000u\000l\000n\000e\000r\000a\000b\000l\000e\000\040\000a\000n\000d\000\040\000O\000u\000t\000d\000a\000t\000e\000d\000\040\000C\000o\000m\000p\000o\000n\000e\000n\000t\000s}{subsection.3.2}% 20
\BOOKMARK [3][-]{subsubsection.3.2.7}{\376\377\000I\000d\000e\000n\000t\000i\000f\000i\000c\000a\000t\000i\000o\000n\000\040\000a\000n\000d\000\040\000A\000u\000t\000h\000e\000n\000t\000i\000c\000a\000t\000i\000o\000n\000\040\000F\000a\000i\000l\000u\000r\000e\000s}{subsection.3.2}% 21
\BOOKMARK [3][-]{subsubsection.3.2.8}{\376\377\000S\000o\000f\000t\000w\000a\000r\000e\000\040\000a\000n\000d\000\040\000D\000a\000t\000a\000\040\000I\000n\000t\000e\000g\000r\000i\000t\000y\000\040\000F\000a\000i\000l\000u\000r\000e\000s}{subsection.3.2}% 22
\BOOKMARK [3][-]{subsubsection.3.2.9}{\376\377\000S\000e\000c\000u\000r\000i\000t\000y\000\040\000L\000o\000g\000g\000i\000n\000g\000\040\000a\000n\000d\000\040\000M\000o\000n\000i\000t\000o\000r\000i\000n\000g\000\040\000F\000a\000i\000l\000u\000r\000e\000s}{subsection.3.2}% 23
\BOOKMARK [3][-]{subsubsection.3.2.10}{\376\377\000S\000e\000r\000v\000e\000r\000-\000S\000i\000d\000e\000\040\000R\000e\000q\000u\000e\000s\000t\000\040\000F\000o\000r\000g\000e\000r\000y}{subsection.3.2}% 24
\BOOKMARK [1][-]{section.4}{\376\377\000L\000a\000b\000\040\000C\000o\000m\000p\000l\000e\000t\000i\000o\000n}{}% 25
